2018-05-14 23:23:44,437 - 
2018-05-14 23:23:44,437 - DfFlutistLog4JLogSystem initialized using logfile './log/velocity.log'
2018-05-14 23:23:44,437 - Initializing Velocity, Calling init()...
2018-05-14 23:23:44,437 - *******************************************************************
2018-05-14 23:23:44,437 - Starting Apache Velocity v1.7 (compiled: 2010-11-19 12:14:37)
2018-05-14 23:23:44,437 - RuntimeInstance initializing.
2018-05-14 23:23:44,437 - Default Properties File: org\apache\velocity\runtime\defaults\velocity.properties
2018-05-14 23:23:44,437 - Trying to use logger class org.dbflute.friends.velocity.DfFlutistLog4JLogSystem
2018-05-14 23:23:44,437 - Using logger class org.dbflute.friends.velocity.DfFlutistLog4JLogSystem
2018-05-14 23:23:44,444 - Default ResourceManager initializing. (class org.apache.velocity.runtime.resource.ResourceManagerImpl)
2018-05-14 23:23:44,455 - ResourceLoader instantiated: org.apache.velocity.runtime.resource.loader.FileResourceLoader
2018-05-14 23:23:44,460 - FileResourceLoader : initialization starting.
2018-05-14 23:23:44,460 - Do unicode file recognition:  false
2018-05-14 23:23:44,460 - FileResourceLoader : adding path 'C:\pleiades\workspace\Kerberos\mydbflute\dbflute-1.1.6\templates'
2018-05-14 23:23:44,460 - FileResourceLoader : initialization complete.
2018-05-14 23:23:44,481 - ResourceCache: initialized (class org.apache.velocity.runtime.resource.ResourceCacheImpl) with class java.util.Collections$SynchronizedMap cache map.
2018-05-14 23:23:44,481 - Default ResourceManager initialization complete.
2018-05-14 23:23:44,485 - Loaded System Directive: org.apache.velocity.runtime.directive.Stop
2018-05-14 23:23:44,489 - Loaded System Directive: org.apache.velocity.runtime.directive.Define
2018-05-14 23:23:44,491 - Loaded System Directive: org.apache.velocity.runtime.directive.Break
2018-05-14 23:23:44,494 - Loaded System Directive: org.apache.velocity.runtime.directive.Evaluate
2018-05-14 23:23:44,496 - Loaded System Directive: org.apache.velocity.runtime.directive.Literal
2018-05-14 23:23:44,501 - Loaded System Directive: org.apache.velocity.runtime.directive.Macro
2018-05-14 23:23:44,506 - Loaded System Directive: org.apache.velocity.runtime.directive.Parse
2018-05-14 23:23:44,511 - Loaded System Directive: org.apache.velocity.runtime.directive.Include
2018-05-14 23:23:44,514 - Loaded System Directive: org.apache.velocity.runtime.directive.Foreach
2018-05-14 23:23:44,609 - Created '20' parsers.
2018-05-14 23:23:44,642 - Velocimacro : initialization starting.
2018-05-14 23:23:44,642 - Velocimacro : "velocimacro.library" is not set.  Trying default library: VM_global_library.vm
2018-05-14 23:23:44,643 - Velocimacro : Default library not found.
2018-05-14 23:23:44,643 - Velocimacro : allowInline = true : VMs can be defined inline in templates
2018-05-14 23:23:44,643 - Velocimacro : allowInlineToOverride = false : VMs defined inline may NOT replace previous VM definitions
2018-05-14 23:23:44,643 - Velocimacro : allowInlineLocal = false : VMs defined inline will be global in scope if allowed.
2018-05-14 23:23:44,643 - Velocimacro : autoload off : VM system will not automatically reload global library macros
2018-05-14 23:23:44,643 - Velocimacro : Velocimacro : initialization complete.
2018-05-14 23:23:44,643 - RuntimeInstance successfully initialized.
2018-05-14 23:23:44,703 - ResourceManager : found doc/ControlDocument.vm with loader org.apache.velocity.runtime.resource.loader.FileResourceLoader
2018-05-14 23:24:24,764 - 
2018-05-14 23:24:24,764 - DfFlutistLog4JLogSystem initialized using logfile './log/velocity.log'
2018-05-14 23:24:24,764 - Initializing Velocity, Calling init()...
2018-05-14 23:24:24,764 - *******************************************************************
2018-05-14 23:24:24,764 - Starting Apache Velocity v1.7 (compiled: 2010-11-19 12:14:37)
2018-05-14 23:24:24,764 - RuntimeInstance initializing.
2018-05-14 23:24:24,764 - Default Properties File: org\apache\velocity\runtime\defaults\velocity.properties
2018-05-14 23:24:24,764 - Trying to use logger class org.dbflute.friends.velocity.DfFlutistLog4JLogSystem
2018-05-14 23:24:24,764 - Using logger class org.dbflute.friends.velocity.DfFlutistLog4JLogSystem
2018-05-14 23:24:24,769 - Default ResourceManager initializing. (class org.apache.velocity.runtime.resource.ResourceManagerImpl)
2018-05-14 23:24:24,780 - ResourceLoader instantiated: org.apache.velocity.runtime.resource.loader.FileResourceLoader
2018-05-14 23:24:24,784 - FileResourceLoader : initialization starting.
2018-05-14 23:24:24,784 - Do unicode file recognition:  false
2018-05-14 23:24:24,784 - FileResourceLoader : adding path 'C:\pleiades\workspace\Kerberos\mydbflute\dbflute-1.1.6\templates'
2018-05-14 23:24:24,784 - FileResourceLoader : initialization complete.
2018-05-14 23:24:24,813 - ResourceCache: initialized (class org.apache.velocity.runtime.resource.ResourceCacheImpl) with class java.util.Collections$SynchronizedMap cache map.
2018-05-14 23:24:24,813 - Default ResourceManager initialization complete.
2018-05-14 23:24:24,817 - Loaded System Directive: org.apache.velocity.runtime.directive.Stop
2018-05-14 23:24:24,822 - Loaded System Directive: org.apache.velocity.runtime.directive.Define
2018-05-14 23:24:24,825 - Loaded System Directive: org.apache.velocity.runtime.directive.Break
2018-05-14 23:24:24,827 - Loaded System Directive: org.apache.velocity.runtime.directive.Evaluate
2018-05-14 23:24:24,829 - Loaded System Directive: org.apache.velocity.runtime.directive.Literal
2018-05-14 23:24:24,834 - Loaded System Directive: org.apache.velocity.runtime.directive.Macro
2018-05-14 23:24:24,838 - Loaded System Directive: org.apache.velocity.runtime.directive.Parse
2018-05-14 23:24:24,842 - Loaded System Directive: org.apache.velocity.runtime.directive.Include
2018-05-14 23:24:24,845 - Loaded System Directive: org.apache.velocity.runtime.directive.Foreach
2018-05-14 23:24:24,908 - Created '20' parsers.
2018-05-14 23:24:24,934 - Velocimacro : initialization starting.
2018-05-14 23:24:24,934 - Velocimacro : "velocimacro.library" is not set.  Trying default library: VM_global_library.vm
2018-05-14 23:24:24,934 - Velocimacro : Default library not found.
2018-05-14 23:24:24,934 - Velocimacro : allowInline = true : VMs can be defined inline in templates
2018-05-14 23:24:24,934 - Velocimacro : allowInlineToOverride = false : VMs defined inline may NOT replace previous VM definitions
2018-05-14 23:24:24,934 - Velocimacro : allowInlineLocal = false : VMs defined inline will be global in scope if allowed.
2018-05-14 23:24:24,934 - Velocimacro : autoload off : VM system will not automatically reload global library macros
2018-05-14 23:24:24,934 - Velocimacro : Velocimacro : initialization complete.
2018-05-14 23:24:24,934 - RuntimeInstance successfully initialized.
2018-05-14 23:24:24,990 - ResourceManager : found doc/ControlDocument.vm with loader org.apache.velocity.runtime.resource.loader.FileResourceLoader
2018-05-14 23:24:25,204 - Velocimacro : added VM escapeDecommentJsonComment: source=doc/html/datamodel.vm
2018-05-14 23:24:25,206 - ResourceManager : found doc/html/datamodel.vm with loader org.apache.velocity.runtime.resource.loader.FileResourceLoader
2018-05-14 23:24:25,274 - ResourceManager : found doc/html/table.vm with loader org.apache.velocity.runtime.resource.loader.FileResourceLoader
2018-05-14 23:24:31,783 - 
2018-05-14 23:24:31,783 - DfFlutistLog4JLogSystem initialized using logfile './log/velocity.log'
2018-05-14 23:24:31,783 - Initializing Velocity, Calling init()...
2018-05-14 23:24:31,783 - *******************************************************************
2018-05-14 23:24:31,783 - Starting Apache Velocity v1.7 (compiled: 2010-11-19 12:14:37)
2018-05-14 23:24:31,783 - RuntimeInstance initializing.
2018-05-14 23:24:31,783 - Default Properties File: org\apache\velocity\runtime\defaults\velocity.properties
2018-05-14 23:24:31,783 - Trying to use logger class org.dbflute.friends.velocity.DfFlutistLog4JLogSystem
2018-05-14 23:24:31,783 - Using logger class org.dbflute.friends.velocity.DfFlutistLog4JLogSystem
2018-05-14 23:24:31,789 - Default ResourceManager initializing. (class org.apache.velocity.runtime.resource.ResourceManagerImpl)
2018-05-14 23:24:31,800 - ResourceLoader instantiated: org.apache.velocity.runtime.resource.loader.FileResourceLoader
2018-05-14 23:24:31,804 - FileResourceLoader : initialization starting.
2018-05-14 23:24:31,804 - Do unicode file recognition:  false
2018-05-14 23:24:31,804 - FileResourceLoader : adding path 'C:\pleiades\workspace\Kerberos\mydbflute\dbflute-1.1.6\templates'
2018-05-14 23:24:31,804 - FileResourceLoader : initialization complete.
2018-05-14 23:24:31,823 - ResourceCache: initialized (class org.apache.velocity.runtime.resource.ResourceCacheImpl) with class java.util.Collections$SynchronizedMap cache map.
2018-05-14 23:24:31,823 - Default ResourceManager initialization complete.
2018-05-14 23:24:31,827 - Loaded System Directive: org.apache.velocity.runtime.directive.Stop
2018-05-14 23:24:31,831 - Loaded System Directive: org.apache.velocity.runtime.directive.Define
2018-05-14 23:24:31,833 - Loaded System Directive: org.apache.velocity.runtime.directive.Break
2018-05-14 23:24:31,835 - Loaded System Directive: org.apache.velocity.runtime.directive.Evaluate
2018-05-14 23:24:31,838 - Loaded System Directive: org.apache.velocity.runtime.directive.Literal
2018-05-14 23:24:31,842 - Loaded System Directive: org.apache.velocity.runtime.directive.Macro
2018-05-14 23:24:31,846 - Loaded System Directive: org.apache.velocity.runtime.directive.Parse
2018-05-14 23:24:31,850 - Loaded System Directive: org.apache.velocity.runtime.directive.Include
2018-05-14 23:24:31,853 - Loaded System Directive: org.apache.velocity.runtime.directive.Foreach
2018-05-14 23:24:31,905 - Created '20' parsers.
2018-05-14 23:24:31,923 - Velocimacro : initialization starting.
2018-05-14 23:24:31,923 - Velocimacro : "velocimacro.library" is not set.  Trying default library: VM_global_library.vm
2018-05-14 23:24:31,923 - Velocimacro : Default library not found.
2018-05-14 23:24:31,923 - Velocimacro : allowInline = true : VMs can be defined inline in templates
2018-05-14 23:24:31,923 - Velocimacro : allowInlineToOverride = false : VMs defined inline may NOT replace previous VM definitions
2018-05-14 23:24:31,924 - Velocimacro : allowInlineLocal = false : VMs defined inline will be global in scope if allowed.
2018-05-14 23:24:31,924 - Velocimacro : autoload off : VM system will not automatically reload global library macros
2018-05-14 23:24:31,924 - Velocimacro : Velocimacro : initialization complete.
2018-05-14 23:24:31,924 - RuntimeInstance successfully initialized.
2018-05-14 23:24:32,029 - ResourceManager : found om/ControlGenerateJava.vm with loader org.apache.velocity.runtime.resource.loader.FileResourceLoader
2018-05-14 23:24:32,281 - ResourceManager : found om/java/allcommon/DBCurrent.vm with loader org.apache.velocity.runtime.resource.loader.FileResourceLoader
2018-05-14 23:24:32,325 - ResourceManager : found om/java/allcommon/DBFluteConfig.vm with loader org.apache.velocity.runtime.resource.loader.FileResourceLoader
2018-05-14 23:24:32,348 - Null reference [template 'om/java/allcommon/DBFluteConfig.vm', line 1144, column 59] : $PoolGuardConnectionWrapper cannot be resolved.
2018-05-14 23:24:32,374 - ResourceManager : found om/java/allcommon/DBFluteInitializer.vm with loader org.apache.velocity.runtime.resource.loader.FileResourceLoader
2018-05-14 23:24:32,398 - ResourceManager : found om/java/allcommon/DBMetaInstanceHandler.vm with loader org.apache.velocity.runtime.resource.loader.FileResourceLoader
2018-05-14 23:24:32,443 - ResourceManager : found om/java/allcommon/EntityDefinedCommonColumn.vm with loader org.apache.velocity.runtime.resource.loader.FileResourceLoader
2018-05-14 23:24:32,474 - ResourceManager : found om/java/allcommon/ImplementedBehaviorSelector.vm with loader org.apache.velocity.runtime.resource.loader.FileResourceLoader
2018-05-14 23:24:32,488 - ResourceManager : found om/java/allcommon/ImplementedCommonColumnAutoSetupper.vm with loader org.apache.velocity.runtime.resource.loader.FileResourceLoader
2018-05-14 23:24:32,500 - ResourceManager : found om/java/allcommon/ImplementedInvokerAssistant.vm with loader org.apache.velocity.runtime.resource.loader.FileResourceLoader
2018-05-14 23:24:32,512 - ResourceManager : found om/java/allcommon/ImplementedSqlClauseCreator.vm with loader org.apache.velocity.runtime.resource.loader.FileResourceLoader
2018-05-14 23:24:32,537 - ResourceManager : found om/java/allcommon/container/spring/SpringDBFluteBeans.vm with loader org.apache.velocity.runtime.resource.loader.FileResourceLoader
2018-05-14 23:24:32,647 - Null reference [template 'om/ControlGenerateJava.vm', line 293, column 38] : ${glPackageExtendedDao} cannot be resolved.
2018-05-14 23:24:32,648 - Null reference [template 'om/ControlGenerateJava.vm', line 296, column 34] : ${glPackageBaseDao} cannot be resolved.
2018-05-14 23:24:32,691 - ResourceManager : found om/java/bsbhv/BaseBhv.vm with loader org.apache.velocity.runtime.resource.loader.FileResourceLoader
2018-05-14 23:24:32,738 - ResourceManager : found om/java/bsbhv/ReferrerLoader.vm with loader org.apache.velocity.runtime.resource.loader.FileResourceLoader
2018-05-14 23:24:32,765 - ResourceManager : found om/java/bsentity/BaseEntity.vm with loader org.apache.velocity.runtime.resource.loader.FileResourceLoader
2018-05-14 23:24:32,816 - ResourceManager : found om/java/bsentity/dbmeta/DBMetaImpl.vm with loader org.apache.velocity.runtime.resource.loader.FileResourceLoader
2018-05-14 23:24:33,428 - ResourceManager : found om/java/exbhv/ExtendedBhv.vm with loader org.apache.velocity.runtime.resource.loader.FileResourceLoader
2018-05-14 23:24:33,434 - ResourceManager : found om/java/exentity/ExtendedEntity.vm with loader org.apache.velocity.runtime.resource.loader.FileResourceLoader
2018-05-14 23:24:33,458 - ResourceManager : found om/java/cbean/BsConditionBean.vm with loader org.apache.velocity.runtime.resource.loader.FileResourceLoader
2018-05-14 23:24:33,532 - ResourceManager : found om/java/cbean/AbstractBsConditionQuery.vm with loader org.apache.velocity.runtime.resource.loader.FileResourceLoader
2018-05-14 23:24:33,536 - RHS of #set statement is null. Context will not be modified. om/java/cbean/AbstractBsConditionQuery.vm[line 70, column 1]
2018-05-14 23:24:33,548 - RHS of #set statement is null. Context will not be modified. om/java/cbean/AbstractBsConditionQuery.vm[line 70, column 1]
2018-05-14 23:24:33,552 - RHS of #set statement is null. Context will not be modified. om/java/cbean/AbstractBsConditionQuery.vm[line 70, column 1]
2018-05-14 23:24:33,557 - RHS of #set statement is null. Context will not be modified. om/java/cbean/AbstractBsConditionQuery.vm[line 70, column 1]
2018-05-14 23:24:33,561 - RHS of #set statement is null. Context will not be modified. om/java/cbean/AbstractBsConditionQuery.vm[line 70, column 1]
2018-05-14 23:24:33,565 - RHS of #set statement is null. Context will not be modified. om/java/cbean/AbstractBsConditionQuery.vm[line 70, column 1]
2018-05-14 23:24:33,572 - RHS of #set statement is null. Context will not be modified. om/java/cbean/AbstractBsConditionQuery.vm[line 70, column 1]
2018-05-14 23:24:33,575 - RHS of #set statement is null. Context will not be modified. om/java/cbean/AbstractBsConditionQuery.vm[line 70, column 1]
2018-05-14 23:24:33,580 - RHS of #set statement is null. Context will not be modified. om/java/cbean/AbstractBsConditionQuery.vm[line 70, column 1]
2018-05-14 23:24:33,585 - RHS of #set statement is null. Context will not be modified. om/java/cbean/AbstractBsConditionQuery.vm[line 70, column 1]
2018-05-14 23:24:33,589 - RHS of #set statement is null. Context will not be modified. om/java/cbean/AbstractBsConditionQuery.vm[line 70, column 1]
2018-05-14 23:24:33,589 - RHS of #set statement is null. Context will not be modified. om/java/cbean/AbstractBsConditionQuery.vm[line 70, column 1]
2018-05-14 23:24:33,592 - RHS of #set statement is null. Context will not be modified. om/java/cbean/AbstractBsConditionQuery.vm[line 70, column 1]
2018-05-14 23:24:33,594 - RHS of #set statement is null. Context will not be modified. om/java/cbean/AbstractBsConditionQuery.vm[line 70, column 1]
2018-05-14 23:24:33,611 - ResourceManager : found om/java/cbean/BsConditionInlineQuery.vm with loader org.apache.velocity.runtime.resource.loader.FileResourceLoader
2018-05-14 23:24:33,612 - RHS of #set statement is null. Context will not be modified. om/java/cbean/BsConditionInlineQuery.vm[line 84, column 1]
2018-05-14 23:24:33,612 - RHS of #set statement is null. Context will not be modified. om/java/cbean/BsConditionInlineQuery.vm[line 84, column 1]
2018-05-14 23:24:33,613 - RHS of #set statement is null. Context will not be modified. om/java/cbean/BsConditionInlineQuery.vm[line 84, column 1]
2018-05-14 23:24:33,613 - RHS of #set statement is null. Context will not be modified. om/java/cbean/BsConditionInlineQuery.vm[line 84, column 1]
2018-05-14 23:24:33,613 - RHS of #set statement is null. Context will not be modified. om/java/cbean/BsConditionInlineQuery.vm[line 84, column 1]
2018-05-14 23:24:33,614 - RHS of #set statement is null. Context will not be modified. om/java/cbean/BsConditionInlineQuery.vm[line 84, column 1]
2018-05-14 23:24:33,614 - RHS of #set statement is null. Context will not be modified. om/java/cbean/BsConditionInlineQuery.vm[line 84, column 1]
2018-05-14 23:24:33,614 - RHS of #set statement is null. Context will not be modified. om/java/cbean/BsConditionInlineQuery.vm[line 84, column 1]
2018-05-14 23:24:33,614 - RHS of #set statement is null. Context will not be modified. om/java/cbean/BsConditionInlineQuery.vm[line 84, column 1]
2018-05-14 23:24:33,614 - RHS of #set statement is null. Context will not be modified. om/java/cbean/BsConditionInlineQuery.vm[line 84, column 1]
2018-05-14 23:24:33,615 - RHS of #set statement is null. Context will not be modified. om/java/cbean/BsConditionInlineQuery.vm[line 84, column 1]
2018-05-14 23:24:33,615 - RHS of #set statement is null. Context will not be modified. om/java/cbean/BsConditionInlineQuery.vm[line 84, column 1]
2018-05-14 23:24:33,615 - RHS of #set statement is null. Context will not be modified. om/java/cbean/BsConditionInlineQuery.vm[line 84, column 1]
2018-05-14 23:24:33,615 - RHS of #set statement is null. Context will not be modified. om/java/cbean/BsConditionInlineQuery.vm[line 84, column 1]
2018-05-14 23:24:33,634 - ResourceManager : found om/java/cbean/BsConditionQuery.vm with loader org.apache.velocity.runtime.resource.loader.FileResourceLoader
2018-05-14 23:24:33,635 - RHS of #set statement is null. Context will not be modified. om/java/cbean/BsConditionQuery.vm[line 104, column 1]
2018-05-14 23:24:33,635 - RHS of #set statement is null. Context will not be modified. om/java/cbean/BsConditionQuery.vm[line 104, column 1]
2018-05-14 23:24:33,636 - RHS of #set statement is null. Context will not be modified. om/java/cbean/BsConditionQuery.vm[line 104, column 1]
2018-05-14 23:24:33,637 - RHS of #set statement is null. Context will not be modified. om/java/cbean/BsConditionQuery.vm[line 104, column 1]
2018-05-14 23:24:33,637 - RHS of #set statement is null. Context will not be modified. om/java/cbean/BsConditionQuery.vm[line 104, column 1]
2018-05-14 23:24:33,637 - RHS of #set statement is null. Context will not be modified. om/java/cbean/BsConditionQuery.vm[line 104, column 1]
2018-05-14 23:24:33,637 - RHS of #set statement is null. Context will not be modified. om/java/cbean/BsConditionQuery.vm[line 104, column 1]
2018-05-14 23:24:33,638 - RHS of #set statement is null. Context will not be modified. om/java/cbean/BsConditionQuery.vm[line 104, column 1]
2018-05-14 23:24:33,638 - RHS of #set statement is null. Context will not be modified. om/java/cbean/BsConditionQuery.vm[line 104, column 1]
2018-05-14 23:24:33,638 - RHS of #set statement is null. Context will not be modified. om/java/cbean/BsConditionQuery.vm[line 104, column 1]
2018-05-14 23:24:33,639 - RHS of #set statement is null. Context will not be modified. om/java/cbean/BsConditionQuery.vm[line 104, column 1]
2018-05-14 23:24:33,639 - RHS of #set statement is null. Context will not be modified. om/java/cbean/BsConditionQuery.vm[line 104, column 1]
2018-05-14 23:24:33,639 - RHS of #set statement is null. Context will not be modified. om/java/cbean/BsConditionQuery.vm[line 104, column 1]
2018-05-14 23:24:33,639 - RHS of #set statement is null. Context will not be modified. om/java/cbean/BsConditionQuery.vm[line 104, column 1]
2018-05-14 23:24:33,642 - ResourceManager : found om/java/cbean/ExConditionBean.vm with loader org.apache.velocity.runtime.resource.loader.FileResourceLoader
2018-05-14 23:24:33,645 - ResourceManager : found om/java/cbean/ExConditionQuery.vm with loader org.apache.velocity.runtime.resource.loader.FileResourceLoader
2018-05-14 23:24:40,925 - 
2018-05-14 23:24:40,925 - DfFlutistLog4JLogSystem initialized using logfile './log/velocity.log'
2018-05-14 23:24:40,925 - Initializing Velocity, Calling init()...
2018-05-14 23:24:40,925 - *******************************************************************
2018-05-14 23:24:40,925 - Starting Apache Velocity v1.7 (compiled: 2010-11-19 12:14:37)
2018-05-14 23:24:40,925 - RuntimeInstance initializing.
2018-05-14 23:24:40,925 - Default Properties File: org\apache\velocity\runtime\defaults\velocity.properties
2018-05-14 23:24:40,925 - Trying to use logger class org.dbflute.friends.velocity.DfFlutistLog4JLogSystem
2018-05-14 23:24:40,925 - Using logger class org.dbflute.friends.velocity.DfFlutistLog4JLogSystem
2018-05-14 23:24:40,935 - Default ResourceManager initializing. (class org.apache.velocity.runtime.resource.ResourceManagerImpl)
2018-05-14 23:24:40,955 - ResourceLoader instantiated: org.apache.velocity.runtime.resource.loader.FileResourceLoader
2018-05-14 23:24:40,961 - FileResourceLoader : initialization starting.
2018-05-14 23:24:40,961 - Do unicode file recognition:  false
2018-05-14 23:24:40,961 - FileResourceLoader : adding path 'C:\pleiades\workspace\Kerberos\mydbflute\dbflute-1.1.6\templates'
2018-05-14 23:24:40,961 - FileResourceLoader : initialization complete.
2018-05-14 23:24:41,023 - ResourceCache: initialized (class org.apache.velocity.runtime.resource.ResourceCacheImpl) with class java.util.Collections$SynchronizedMap cache map.
2018-05-14 23:24:41,023 - Default ResourceManager initialization complete.
2018-05-14 23:24:41,029 - Loaded System Directive: org.apache.velocity.runtime.directive.Stop
2018-05-14 23:24:41,037 - Loaded System Directive: org.apache.velocity.runtime.directive.Define
2018-05-14 23:24:41,041 - Loaded System Directive: org.apache.velocity.runtime.directive.Break
2018-05-14 23:24:41,044 - Loaded System Directive: org.apache.velocity.runtime.directive.Evaluate
2018-05-14 23:24:41,047 - Loaded System Directive: org.apache.velocity.runtime.directive.Literal
2018-05-14 23:24:41,100 - Loaded System Directive: org.apache.velocity.runtime.directive.Macro
2018-05-14 23:24:41,108 - Loaded System Directive: org.apache.velocity.runtime.directive.Parse
2018-05-14 23:24:41,114 - Loaded System Directive: org.apache.velocity.runtime.directive.Include
2018-05-14 23:24:41,121 - Loaded System Directive: org.apache.velocity.runtime.directive.Foreach
2018-05-14 23:24:41,268 - Created '20' parsers.
2018-05-14 23:24:41,310 - Velocimacro : initialization starting.
2018-05-14 23:24:41,310 - Velocimacro : "velocimacro.library" is not set.  Trying default library: VM_global_library.vm
2018-05-14 23:24:41,310 - Velocimacro : Default library not found.
2018-05-14 23:24:41,310 - Velocimacro : allowInline = true : VMs can be defined inline in templates
2018-05-14 23:24:41,310 - Velocimacro : allowInlineToOverride = false : VMs defined inline may NOT replace previous VM definitions
2018-05-14 23:24:41,310 - Velocimacro : allowInlineLocal = false : VMs defined inline will be global in scope if allowed.
2018-05-14 23:24:41,310 - Velocimacro : autoload off : VM system will not automatically reload global library macros
2018-05-14 23:24:41,310 - Velocimacro : Velocimacro : initialization complete.
2018-05-14 23:24:41,310 - RuntimeInstance successfully initialized.
2018-05-14 23:24:41,533 - ResourceManager : found om/ControlSql2EntityJava.vm with loader org.apache.velocity.runtime.resource.loader.FileResourceLoader
2018-05-15 00:10:04,427 - 
2018-05-15 00:10:04,427 - DfFlutistLog4JLogSystem initialized using logfile './log/velocity.log'
2018-05-15 00:10:04,427 - Initializing Velocity, Calling init()...
2018-05-15 00:10:04,427 - *******************************************************************
2018-05-15 00:10:04,427 - Starting Apache Velocity v1.7 (compiled: 2010-11-19 12:14:37)
2018-05-15 00:10:04,427 - RuntimeInstance initializing.
2018-05-15 00:10:04,427 - Default Properties File: org\apache\velocity\runtime\defaults\velocity.properties
2018-05-15 00:10:04,427 - Trying to use logger class org.dbflute.friends.velocity.DfFlutistLog4JLogSystem
2018-05-15 00:10:04,427 - Using logger class org.dbflute.friends.velocity.DfFlutistLog4JLogSystem
2018-05-15 00:10:04,433 - Default ResourceManager initializing. (class org.apache.velocity.runtime.resource.ResourceManagerImpl)
2018-05-15 00:10:04,443 - ResourceLoader instantiated: org.apache.velocity.runtime.resource.loader.FileResourceLoader
2018-05-15 00:10:04,446 - FileResourceLoader : initialization starting.
2018-05-15 00:10:04,446 - Do unicode file recognition:  false
2018-05-15 00:10:04,446 - FileResourceLoader : adding path 'C:\pleiades\workspace\Kerberos\mydbflute\dbflute-1.1.6\templates'
2018-05-15 00:10:04,446 - FileResourceLoader : initialization complete.
2018-05-15 00:10:04,464 - ResourceCache: initialized (class org.apache.velocity.runtime.resource.ResourceCacheImpl) with class java.util.Collections$SynchronizedMap cache map.
2018-05-15 00:10:04,464 - Default ResourceManager initialization complete.
2018-05-15 00:10:04,467 - Loaded System Directive: org.apache.velocity.runtime.directive.Stop
2018-05-15 00:10:04,470 - Loaded System Directive: org.apache.velocity.runtime.directive.Define
2018-05-15 00:10:04,472 - Loaded System Directive: org.apache.velocity.runtime.directive.Break
2018-05-15 00:10:04,475 - Loaded System Directive: org.apache.velocity.runtime.directive.Evaluate
2018-05-15 00:10:04,477 - Loaded System Directive: org.apache.velocity.runtime.directive.Literal
2018-05-15 00:10:04,481 - Loaded System Directive: org.apache.velocity.runtime.directive.Macro
2018-05-15 00:10:04,485 - Loaded System Directive: org.apache.velocity.runtime.directive.Parse
2018-05-15 00:10:04,489 - Loaded System Directive: org.apache.velocity.runtime.directive.Include
2018-05-15 00:10:04,491 - Loaded System Directive: org.apache.velocity.runtime.directive.Foreach
2018-05-15 00:10:04,551 - Created '20' parsers.
2018-05-15 00:10:04,572 - Velocimacro : initialization starting.
2018-05-15 00:10:04,572 - Velocimacro : "velocimacro.library" is not set.  Trying default library: VM_global_library.vm
2018-05-15 00:10:04,572 - Velocimacro : Default library not found.
2018-05-15 00:10:04,572 - Velocimacro : allowInline = true : VMs can be defined inline in templates
2018-05-15 00:10:04,572 - Velocimacro : allowInlineToOverride = false : VMs defined inline may NOT replace previous VM definitions
2018-05-15 00:10:04,572 - Velocimacro : allowInlineLocal = false : VMs defined inline will be global in scope if allowed.
2018-05-15 00:10:04,572 - Velocimacro : autoload off : VM system will not automatically reload global library macros
2018-05-15 00:10:04,572 - Velocimacro : Velocimacro : initialization complete.
2018-05-15 00:10:04,572 - RuntimeInstance successfully initialized.
2018-05-15 00:10:04,626 - ResourceManager : found doc/ControlDocument.vm with loader org.apache.velocity.runtime.resource.loader.FileResourceLoader
2018-05-15 00:10:04,895 - Velocimacro : added VM escapeDecommentJsonComment: source=doc/html/datamodel.vm
2018-05-15 00:10:04,898 - ResourceManager : found doc/html/datamodel.vm with loader org.apache.velocity.runtime.resource.loader.FileResourceLoader
2018-05-15 00:10:04,968 - ResourceManager : found doc/html/table.vm with loader org.apache.velocity.runtime.resource.loader.FileResourceLoader
2018-05-15 00:10:10,960 - 
2018-05-15 00:10:10,960 - DfFlutistLog4JLogSystem initialized using logfile './log/velocity.log'
2018-05-15 00:10:10,960 - Initializing Velocity, Calling init()...
2018-05-15 00:10:10,960 - *******************************************************************
2018-05-15 00:10:10,960 - Starting Apache Velocity v1.7 (compiled: 2010-11-19 12:14:37)
2018-05-15 00:10:10,961 - RuntimeInstance initializing.
2018-05-15 00:10:10,961 - Default Properties File: org\apache\velocity\runtime\defaults\velocity.properties
2018-05-15 00:10:10,961 - Trying to use logger class org.dbflute.friends.velocity.DfFlutistLog4JLogSystem
2018-05-15 00:10:10,961 - Using logger class org.dbflute.friends.velocity.DfFlutistLog4JLogSystem
2018-05-15 00:10:10,966 - Default ResourceManager initializing. (class org.apache.velocity.runtime.resource.ResourceManagerImpl)
2018-05-15 00:10:10,977 - ResourceLoader instantiated: org.apache.velocity.runtime.resource.loader.FileResourceLoader
2018-05-15 00:10:10,981 - FileResourceLoader : initialization starting.
2018-05-15 00:10:10,981 - Do unicode file recognition:  false
2018-05-15 00:10:10,981 - FileResourceLoader : adding path 'C:\pleiades\workspace\Kerberos\mydbflute\dbflute-1.1.6\templates'
2018-05-15 00:10:10,981 - FileResourceLoader : initialization complete.
2018-05-15 00:10:11,000 - ResourceCache: initialized (class org.apache.velocity.runtime.resource.ResourceCacheImpl) with class java.util.Collections$SynchronizedMap cache map.
2018-05-15 00:10:11,000 - Default ResourceManager initialization complete.
2018-05-15 00:10:11,004 - Loaded System Directive: org.apache.velocity.runtime.directive.Stop
2018-05-15 00:10:11,009 - Loaded System Directive: org.apache.velocity.runtime.directive.Define
2018-05-15 00:10:11,011 - Loaded System Directive: org.apache.velocity.runtime.directive.Break
2018-05-15 00:10:11,013 - Loaded System Directive: org.apache.velocity.runtime.directive.Evaluate
2018-05-15 00:10:11,015 - Loaded System Directive: org.apache.velocity.runtime.directive.Literal
2018-05-15 00:10:11,019 - Loaded System Directive: org.apache.velocity.runtime.directive.Macro
2018-05-15 00:10:11,024 - Loaded System Directive: org.apache.velocity.runtime.directive.Parse
2018-05-15 00:10:11,027 - Loaded System Directive: org.apache.velocity.runtime.directive.Include
2018-05-15 00:10:11,029 - Loaded System Directive: org.apache.velocity.runtime.directive.Foreach
2018-05-15 00:10:11,080 - Created '20' parsers.
2018-05-15 00:10:11,106 - Velocimacro : initialization starting.
2018-05-15 00:10:11,106 - Velocimacro : "velocimacro.library" is not set.  Trying default library: VM_global_library.vm
2018-05-15 00:10:11,107 - Velocimacro : Default library not found.
2018-05-15 00:10:11,107 - Velocimacro : allowInline = true : VMs can be defined inline in templates
2018-05-15 00:10:11,107 - Velocimacro : allowInlineToOverride = false : VMs defined inline may NOT replace previous VM definitions
2018-05-15 00:10:11,107 - Velocimacro : allowInlineLocal = false : VMs defined inline will be global in scope if allowed.
2018-05-15 00:10:11,107 - Velocimacro : autoload off : VM system will not automatically reload global library macros
2018-05-15 00:10:11,107 - Velocimacro : Velocimacro : initialization complete.
2018-05-15 00:10:11,107 - RuntimeInstance successfully initialized.
2018-05-15 00:10:11,238 - ResourceManager : found om/ControlGenerateJava.vm with loader org.apache.velocity.runtime.resource.loader.FileResourceLoader
2018-05-15 00:10:11,562 - ResourceManager : found om/java/allcommon/DBCurrent.vm with loader org.apache.velocity.runtime.resource.loader.FileResourceLoader
2018-05-15 00:10:11,632 - ResourceManager : found om/java/allcommon/DBFluteConfig.vm with loader org.apache.velocity.runtime.resource.loader.FileResourceLoader
2018-05-15 00:10:11,654 - Null reference [template 'om/java/allcommon/DBFluteConfig.vm', line 1144, column 59] : $PoolGuardConnectionWrapper cannot be resolved.
2018-05-15 00:10:11,662 - ResourceManager : found om/java/allcommon/DBFluteInitializer.vm with loader org.apache.velocity.runtime.resource.loader.FileResourceLoader
2018-05-15 00:10:11,671 - ResourceManager : found om/java/allcommon/DBMetaInstanceHandler.vm with loader org.apache.velocity.runtime.resource.loader.FileResourceLoader
2018-05-15 00:10:11,711 - ResourceManager : found om/java/allcommon/EntityDefinedCommonColumn.vm with loader org.apache.velocity.runtime.resource.loader.FileResourceLoader
2018-05-15 00:10:11,745 - ResourceManager : found om/java/allcommon/ImplementedBehaviorSelector.vm with loader org.apache.velocity.runtime.resource.loader.FileResourceLoader
2018-05-15 00:10:11,758 - ResourceManager : found om/java/allcommon/ImplementedCommonColumnAutoSetupper.vm with loader org.apache.velocity.runtime.resource.loader.FileResourceLoader
2018-05-15 00:10:11,773 - ResourceManager : found om/java/allcommon/ImplementedInvokerAssistant.vm with loader org.apache.velocity.runtime.resource.loader.FileResourceLoader
2018-05-15 00:10:11,782 - ResourceManager : found om/java/allcommon/ImplementedSqlClauseCreator.vm with loader org.apache.velocity.runtime.resource.loader.FileResourceLoader
2018-05-15 00:10:11,794 - ResourceManager : found om/java/allcommon/container/spring/SpringDBFluteBeans.vm with loader org.apache.velocity.runtime.resource.loader.FileResourceLoader
2018-05-15 00:10:11,886 - Null reference [template 'om/ControlGenerateJava.vm', line 293, column 38] : ${glPackageExtendedDao} cannot be resolved.
2018-05-15 00:10:11,887 - Null reference [template 'om/ControlGenerateJava.vm', line 296, column 34] : ${glPackageBaseDao} cannot be resolved.
2018-05-15 00:10:11,925 - ResourceManager : found om/java/bsbhv/BaseBhv.vm with loader org.apache.velocity.runtime.resource.loader.FileResourceLoader
2018-05-15 00:10:11,972 - ResourceManager : found om/java/bsbhv/ReferrerLoader.vm with loader org.apache.velocity.runtime.resource.loader.FileResourceLoader
2018-05-15 00:10:11,996 - ResourceManager : found om/java/bsentity/BaseEntity.vm with loader org.apache.velocity.runtime.resource.loader.FileResourceLoader
2018-05-15 00:10:12,046 - ResourceManager : found om/java/bsentity/dbmeta/DBMetaImpl.vm with loader org.apache.velocity.runtime.resource.loader.FileResourceLoader
2018-05-15 00:10:12,506 - ResourceManager : found om/java/cbean/BsConditionBean.vm with loader org.apache.velocity.runtime.resource.loader.FileResourceLoader
2018-05-15 00:10:12,548 - ResourceManager : found om/java/cbean/AbstractBsConditionQuery.vm with loader org.apache.velocity.runtime.resource.loader.FileResourceLoader
2018-05-15 00:10:12,552 - RHS of #set statement is null. Context will not be modified. om/java/cbean/AbstractBsConditionQuery.vm[line 70, column 1]
2018-05-15 00:10:12,559 - RHS of #set statement is null. Context will not be modified. om/java/cbean/AbstractBsConditionQuery.vm[line 70, column 1]
2018-05-15 00:10:12,564 - RHS of #set statement is null. Context will not be modified. om/java/cbean/AbstractBsConditionQuery.vm[line 70, column 1]
2018-05-15 00:10:12,569 - RHS of #set statement is null. Context will not be modified. om/java/cbean/AbstractBsConditionQuery.vm[line 70, column 1]
2018-05-15 00:10:12,573 - RHS of #set statement is null. Context will not be modified. om/java/cbean/AbstractBsConditionQuery.vm[line 70, column 1]
2018-05-15 00:10:12,576 - RHS of #set statement is null. Context will not be modified. om/java/cbean/AbstractBsConditionQuery.vm[line 70, column 1]
2018-05-15 00:10:12,580 - RHS of #set statement is null. Context will not be modified. om/java/cbean/AbstractBsConditionQuery.vm[line 70, column 1]
2018-05-15 00:10:12,583 - RHS of #set statement is null. Context will not be modified. om/java/cbean/AbstractBsConditionQuery.vm[line 70, column 1]
2018-05-15 00:10:12,592 - RHS of #set statement is null. Context will not be modified. om/java/cbean/AbstractBsConditionQuery.vm[line 70, column 1]
2018-05-15 00:10:12,599 - RHS of #set statement is null. Context will not be modified. om/java/cbean/AbstractBsConditionQuery.vm[line 70, column 1]
2018-05-15 00:10:12,604 - RHS of #set statement is null. Context will not be modified. om/java/cbean/AbstractBsConditionQuery.vm[line 70, column 1]
2018-05-15 00:10:12,605 - RHS of #set statement is null. Context will not be modified. om/java/cbean/AbstractBsConditionQuery.vm[line 70, column 1]
2018-05-15 00:10:12,610 - RHS of #set statement is null. Context will not be modified. om/java/cbean/AbstractBsConditionQuery.vm[line 70, column 1]
2018-05-15 00:10:12,612 - RHS of #set statement is null. Context will not be modified. om/java/cbean/AbstractBsConditionQuery.vm[line 70, column 1]
2018-05-15 00:10:12,626 - ResourceManager : found om/java/cbean/BsConditionInlineQuery.vm with loader org.apache.velocity.runtime.resource.loader.FileResourceLoader
2018-05-15 00:10:12,627 - RHS of #set statement is null. Context will not be modified. om/java/cbean/BsConditionInlineQuery.vm[line 84, column 1]
2018-05-15 00:10:12,628 - RHS of #set statement is null. Context will not be modified. om/java/cbean/BsConditionInlineQuery.vm[line 84, column 1]
2018-05-15 00:10:12,628 - RHS of #set statement is null. Context will not be modified. om/java/cbean/BsConditionInlineQuery.vm[line 84, column 1]
2018-05-15 00:10:12,628 - RHS of #set statement is null. Context will not be modified. om/java/cbean/BsConditionInlineQuery.vm[line 84, column 1]
2018-05-15 00:10:12,629 - RHS of #set statement is null. Context will not be modified. om/java/cbean/BsConditionInlineQuery.vm[line 84, column 1]
2018-05-15 00:10:12,629 - RHS of #set statement is null. Context will not be modified. om/java/cbean/BsConditionInlineQuery.vm[line 84, column 1]
2018-05-15 00:10:12,629 - RHS of #set statement is null. Context will not be modified. om/java/cbean/BsConditionInlineQuery.vm[line 84, column 1]
2018-05-15 00:10:12,629 - RHS of #set statement is null. Context will not be modified. om/java/cbean/BsConditionInlineQuery.vm[line 84, column 1]
2018-05-15 00:10:12,630 - RHS of #set statement is null. Context will not be modified. om/java/cbean/BsConditionInlineQuery.vm[line 84, column 1]
2018-05-15 00:10:12,630 - RHS of #set statement is null. Context will not be modified. om/java/cbean/BsConditionInlineQuery.vm[line 84, column 1]
2018-05-15 00:10:12,630 - RHS of #set statement is null. Context will not be modified. om/java/cbean/BsConditionInlineQuery.vm[line 84, column 1]
2018-05-15 00:10:12,630 - RHS of #set statement is null. Context will not be modified. om/java/cbean/BsConditionInlineQuery.vm[line 84, column 1]
2018-05-15 00:10:12,631 - RHS of #set statement is null. Context will not be modified. om/java/cbean/BsConditionInlineQuery.vm[line 84, column 1]
2018-05-15 00:10:12,631 - RHS of #set statement is null. Context will not be modified. om/java/cbean/BsConditionInlineQuery.vm[line 84, column 1]
2018-05-15 00:10:12,650 - ResourceManager : found om/java/cbean/BsConditionQuery.vm with loader org.apache.velocity.runtime.resource.loader.FileResourceLoader
2018-05-15 00:10:12,652 - RHS of #set statement is null. Context will not be modified. om/java/cbean/BsConditionQuery.vm[line 104, column 1]
2018-05-15 00:10:12,652 - RHS of #set statement is null. Context will not be modified. om/java/cbean/BsConditionQuery.vm[line 104, column 1]
2018-05-15 00:10:12,652 - RHS of #set statement is null. Context will not be modified. om/java/cbean/BsConditionQuery.vm[line 104, column 1]
2018-05-15 00:10:12,653 - RHS of #set statement is null. Context will not be modified. om/java/cbean/BsConditionQuery.vm[line 104, column 1]
2018-05-15 00:10:12,654 - RHS of #set statement is null. Context will not be modified. om/java/cbean/BsConditionQuery.vm[line 104, column 1]
2018-05-15 00:10:12,654 - RHS of #set statement is null. Context will not be modified. om/java/cbean/BsConditionQuery.vm[line 104, column 1]
2018-05-15 00:10:12,655 - RHS of #set statement is null. Context will not be modified. om/java/cbean/BsConditionQuery.vm[line 104, column 1]
2018-05-15 00:10:12,655 - RHS of #set statement is null. Context will not be modified. om/java/cbean/BsConditionQuery.vm[line 104, column 1]
2018-05-15 00:10:12,655 - RHS of #set statement is null. Context will not be modified. om/java/cbean/BsConditionQuery.vm[line 104, column 1]
2018-05-15 00:10:12,656 - RHS of #set statement is null. Context will not be modified. om/java/cbean/BsConditionQuery.vm[line 104, column 1]
2018-05-15 00:10:12,656 - RHS of #set statement is null. Context will not be modified. om/java/cbean/BsConditionQuery.vm[line 104, column 1]
2018-05-15 00:10:12,656 - RHS of #set statement is null. Context will not be modified. om/java/cbean/BsConditionQuery.vm[line 104, column 1]
2018-05-15 00:10:12,657 - RHS of #set statement is null. Context will not be modified. om/java/cbean/BsConditionQuery.vm[line 104, column 1]
2018-05-15 00:10:12,657 - RHS of #set statement is null. Context will not be modified. om/java/cbean/BsConditionQuery.vm[line 104, column 1]
2018-05-15 00:10:16,608 - 
2018-05-15 00:10:16,609 - DfFlutistLog4JLogSystem initialized using logfile './log/velocity.log'
2018-05-15 00:10:16,609 - Initializing Velocity, Calling init()...
2018-05-15 00:10:16,609 - *******************************************************************
2018-05-15 00:10:16,609 - Starting Apache Velocity v1.7 (compiled: 2010-11-19 12:14:37)
2018-05-15 00:10:16,609 - RuntimeInstance initializing.
2018-05-15 00:10:16,609 - Default Properties File: org\apache\velocity\runtime\defaults\velocity.properties
2018-05-15 00:10:16,609 - Trying to use logger class org.dbflute.friends.velocity.DfFlutistLog4JLogSystem
2018-05-15 00:10:16,609 - Using logger class org.dbflute.friends.velocity.DfFlutistLog4JLogSystem
2018-05-15 00:10:16,613 - Default ResourceManager initializing. (class org.apache.velocity.runtime.resource.ResourceManagerImpl)
2018-05-15 00:10:16,622 - ResourceLoader instantiated: org.apache.velocity.runtime.resource.loader.FileResourceLoader
2018-05-15 00:10:16,625 - FileResourceLoader : initialization starting.
2018-05-15 00:10:16,625 - Do unicode file recognition:  false
2018-05-15 00:10:16,625 - FileResourceLoader : adding path 'C:\pleiades\workspace\Kerberos\mydbflute\dbflute-1.1.6\templates'
2018-05-15 00:10:16,625 - FileResourceLoader : initialization complete.
2018-05-15 00:10:16,639 - ResourceCache: initialized (class org.apache.velocity.runtime.resource.ResourceCacheImpl) with class java.util.Collections$SynchronizedMap cache map.
2018-05-15 00:10:16,639 - Default ResourceManager initialization complete.
2018-05-15 00:10:16,642 - Loaded System Directive: org.apache.velocity.runtime.directive.Stop
2018-05-15 00:10:16,646 - Loaded System Directive: org.apache.velocity.runtime.directive.Define
2018-05-15 00:10:16,648 - Loaded System Directive: org.apache.velocity.runtime.directive.Break
2018-05-15 00:10:16,650 - Loaded System Directive: org.apache.velocity.runtime.directive.Evaluate
2018-05-15 00:10:16,652 - Loaded System Directive: org.apache.velocity.runtime.directive.Literal
2018-05-15 00:10:16,655 - Loaded System Directive: org.apache.velocity.runtime.directive.Macro
2018-05-15 00:10:16,658 - Loaded System Directive: org.apache.velocity.runtime.directive.Parse
2018-05-15 00:10:16,661 - Loaded System Directive: org.apache.velocity.runtime.directive.Include
2018-05-15 00:10:16,663 - Loaded System Directive: org.apache.velocity.runtime.directive.Foreach
2018-05-15 00:10:16,708 - Created '20' parsers.
2018-05-15 00:10:16,725 - Velocimacro : initialization starting.
2018-05-15 00:10:16,726 - Velocimacro : "velocimacro.library" is not set.  Trying default library: VM_global_library.vm
2018-05-15 00:10:16,726 - Velocimacro : Default library not found.
2018-05-15 00:10:16,726 - Velocimacro : allowInline = true : VMs can be defined inline in templates
2018-05-15 00:10:16,726 - Velocimacro : allowInlineToOverride = false : VMs defined inline may NOT replace previous VM definitions
2018-05-15 00:10:16,726 - Velocimacro : allowInlineLocal = false : VMs defined inline will be global in scope if allowed.
2018-05-15 00:10:16,726 - Velocimacro : autoload off : VM system will not automatically reload global library macros
2018-05-15 00:10:16,726 - Velocimacro : Velocimacro : initialization complete.
2018-05-15 00:10:16,726 - RuntimeInstance successfully initialized.
2018-05-15 00:10:16,810 - ResourceManager : found om/ControlSql2EntityJava.vm with loader org.apache.velocity.runtime.resource.loader.FileResourceLoader
2018-05-15 00:11:28,158 - 
2018-05-15 00:11:28,158 - DfFlutistLog4JLogSystem initialized using logfile './log/velocity.log'
2018-05-15 00:11:28,158 - Initializing Velocity, Calling init()...
2018-05-15 00:11:28,158 - *******************************************************************
2018-05-15 00:11:28,158 - Starting Apache Velocity v1.7 (compiled: 2010-11-19 12:14:37)
2018-05-15 00:11:28,158 - RuntimeInstance initializing.
2018-05-15 00:11:28,158 - Default Properties File: org\apache\velocity\runtime\defaults\velocity.properties
2018-05-15 00:11:28,158 - Trying to use logger class org.dbflute.friends.velocity.DfFlutistLog4JLogSystem
2018-05-15 00:11:28,158 - Using logger class org.dbflute.friends.velocity.DfFlutistLog4JLogSystem
2018-05-15 00:11:28,162 - Default ResourceManager initializing. (class org.apache.velocity.runtime.resource.ResourceManagerImpl)
2018-05-15 00:11:28,170 - ResourceLoader instantiated: org.apache.velocity.runtime.resource.loader.FileResourceLoader
2018-05-15 00:11:28,174 - FileResourceLoader : initialization starting.
2018-05-15 00:11:28,174 - Do unicode file recognition:  false
2018-05-15 00:11:28,174 - FileResourceLoader : adding path 'C:\pleiades\workspace\Kerberos\mydbflute\dbflute-1.1.6\templates'
2018-05-15 00:11:28,174 - FileResourceLoader : initialization complete.
2018-05-15 00:11:28,190 - ResourceCache: initialized (class org.apache.velocity.runtime.resource.ResourceCacheImpl) with class java.util.Collections$SynchronizedMap cache map.
2018-05-15 00:11:28,190 - Default ResourceManager initialization complete.
2018-05-15 00:11:28,194 - Loaded System Directive: org.apache.velocity.runtime.directive.Stop
2018-05-15 00:11:28,199 - Loaded System Directive: org.apache.velocity.runtime.directive.Define
2018-05-15 00:11:28,201 - Loaded System Directive: org.apache.velocity.runtime.directive.Break
2018-05-15 00:11:28,204 - Loaded System Directive: org.apache.velocity.runtime.directive.Evaluate
2018-05-15 00:11:28,206 - Loaded System Directive: org.apache.velocity.runtime.directive.Literal
2018-05-15 00:11:28,211 - Loaded System Directive: org.apache.velocity.runtime.directive.Macro
2018-05-15 00:11:28,214 - Loaded System Directive: org.apache.velocity.runtime.directive.Parse
2018-05-15 00:11:28,218 - Loaded System Directive: org.apache.velocity.runtime.directive.Include
2018-05-15 00:11:28,220 - Loaded System Directive: org.apache.velocity.runtime.directive.Foreach
2018-05-15 00:11:28,285 - Created '20' parsers.
2018-05-15 00:11:28,305 - Velocimacro : initialization starting.
2018-05-15 00:11:28,305 - Velocimacro : "velocimacro.library" is not set.  Trying default library: VM_global_library.vm
2018-05-15 00:11:28,306 - Velocimacro : Default library not found.
2018-05-15 00:11:28,306 - Velocimacro : allowInline = true : VMs can be defined inline in templates
2018-05-15 00:11:28,306 - Velocimacro : allowInlineToOverride = false : VMs defined inline may NOT replace previous VM definitions
2018-05-15 00:11:28,306 - Velocimacro : allowInlineLocal = false : VMs defined inline will be global in scope if allowed.
2018-05-15 00:11:28,306 - Velocimacro : autoload off : VM system will not automatically reload global library macros
2018-05-15 00:11:28,306 - Velocimacro : Velocimacro : initialization complete.
2018-05-15 00:11:28,306 - RuntimeInstance successfully initialized.
2018-05-15 00:11:28,361 - ResourceManager : found doc/ControlDocument.vm with loader org.apache.velocity.runtime.resource.loader.FileResourceLoader
2018-05-15 00:11:28,635 - Velocimacro : added VM escapeDecommentJsonComment: source=doc/html/datamodel.vm
2018-05-15 00:11:28,636 - ResourceManager : found doc/html/datamodel.vm with loader org.apache.velocity.runtime.resource.loader.FileResourceLoader
2018-05-15 00:11:28,729 - ResourceManager : found doc/html/table.vm with loader org.apache.velocity.runtime.resource.loader.FileResourceLoader
2018-05-15 00:11:29,132 - ResourceManager : found doc/html/diffmodel.vm with loader org.apache.velocity.runtime.resource.loader.FileResourceLoader
2018-05-15 00:11:35,074 - 
2018-05-15 00:11:35,074 - DfFlutistLog4JLogSystem initialized using logfile './log/velocity.log'
2018-05-15 00:11:35,074 - Initializing Velocity, Calling init()...
2018-05-15 00:11:35,074 - *******************************************************************
2018-05-15 00:11:35,074 - Starting Apache Velocity v1.7 (compiled: 2010-11-19 12:14:37)
2018-05-15 00:11:35,074 - RuntimeInstance initializing.
2018-05-15 00:11:35,074 - Default Properties File: org\apache\velocity\runtime\defaults\velocity.properties
2018-05-15 00:11:35,074 - Trying to use logger class org.dbflute.friends.velocity.DfFlutistLog4JLogSystem
2018-05-15 00:11:35,074 - Using logger class org.dbflute.friends.velocity.DfFlutistLog4JLogSystem
2018-05-15 00:11:35,079 - Default ResourceManager initializing. (class org.apache.velocity.runtime.resource.ResourceManagerImpl)
2018-05-15 00:11:35,087 - ResourceLoader instantiated: org.apache.velocity.runtime.resource.loader.FileResourceLoader
2018-05-15 00:11:35,089 - FileResourceLoader : initialization starting.
2018-05-15 00:11:35,089 - Do unicode file recognition:  false
2018-05-15 00:11:35,089 - FileResourceLoader : adding path 'C:\pleiades\workspace\Kerberos\mydbflute\dbflute-1.1.6\templates'
2018-05-15 00:11:35,089 - FileResourceLoader : initialization complete.
2018-05-15 00:11:35,104 - ResourceCache: initialized (class org.apache.velocity.runtime.resource.ResourceCacheImpl) with class java.util.Collections$SynchronizedMap cache map.
2018-05-15 00:11:35,104 - Default ResourceManager initialization complete.
2018-05-15 00:11:35,107 - Loaded System Directive: org.apache.velocity.runtime.directive.Stop
2018-05-15 00:11:35,110 - Loaded System Directive: org.apache.velocity.runtime.directive.Define
2018-05-15 00:11:35,112 - Loaded System Directive: org.apache.velocity.runtime.directive.Break
2018-05-15 00:11:35,114 - Loaded System Directive: org.apache.velocity.runtime.directive.Evaluate
2018-05-15 00:11:35,115 - Loaded System Directive: org.apache.velocity.runtime.directive.Literal
2018-05-15 00:11:35,118 - Loaded System Directive: org.apache.velocity.runtime.directive.Macro
2018-05-15 00:11:35,121 - Loaded System Directive: org.apache.velocity.runtime.directive.Parse
2018-05-15 00:11:35,124 - Loaded System Directive: org.apache.velocity.runtime.directive.Include
2018-05-15 00:11:35,126 - Loaded System Directive: org.apache.velocity.runtime.directive.Foreach
2018-05-15 00:11:35,194 - Created '20' parsers.
2018-05-15 00:11:35,219 - Velocimacro : initialization starting.
2018-05-15 00:11:35,219 - Velocimacro : "velocimacro.library" is not set.  Trying default library: VM_global_library.vm
2018-05-15 00:11:35,220 - Velocimacro : Default library not found.
2018-05-15 00:11:35,220 - Velocimacro : allowInline = true : VMs can be defined inline in templates
2018-05-15 00:11:35,220 - Velocimacro : allowInlineToOverride = false : VMs defined inline may NOT replace previous VM definitions
2018-05-15 00:11:35,220 - Velocimacro : allowInlineLocal = false : VMs defined inline will be global in scope if allowed.
2018-05-15 00:11:35,220 - Velocimacro : autoload off : VM system will not automatically reload global library macros
2018-05-15 00:11:35,220 - Velocimacro : Velocimacro : initialization complete.
2018-05-15 00:11:35,220 - RuntimeInstance successfully initialized.
2018-05-15 00:11:35,323 - ResourceManager : found om/ControlGenerateJava.vm with loader org.apache.velocity.runtime.resource.loader.FileResourceLoader
2018-05-15 00:11:35,492 - ResourceManager : found om/java/allcommon/DBCurrent.vm with loader org.apache.velocity.runtime.resource.loader.FileResourceLoader
2018-05-15 00:11:35,507 - ResourceManager : found om/java/allcommon/DBFluteConfig.vm with loader org.apache.velocity.runtime.resource.loader.FileResourceLoader
2018-05-15 00:11:35,518 - Null reference [template 'om/java/allcommon/DBFluteConfig.vm', line 1144, column 59] : $PoolGuardConnectionWrapper cannot be resolved.
2018-05-15 00:11:35,530 - ResourceManager : found om/java/allcommon/DBFluteInitializer.vm with loader org.apache.velocity.runtime.resource.loader.FileResourceLoader
2018-05-15 00:11:35,536 - ResourceManager : found om/java/allcommon/DBMetaInstanceHandler.vm with loader org.apache.velocity.runtime.resource.loader.FileResourceLoader
2018-05-15 00:11:35,570 - ResourceManager : found om/java/allcommon/EntityDefinedCommonColumn.vm with loader org.apache.velocity.runtime.resource.loader.FileResourceLoader
2018-05-15 00:11:35,606 - ResourceManager : found om/java/allcommon/ImplementedBehaviorSelector.vm with loader org.apache.velocity.runtime.resource.loader.FileResourceLoader
2018-05-15 00:11:35,620 - ResourceManager : found om/java/allcommon/ImplementedCommonColumnAutoSetupper.vm with loader org.apache.velocity.runtime.resource.loader.FileResourceLoader
2018-05-15 00:11:35,635 - ResourceManager : found om/java/allcommon/ImplementedInvokerAssistant.vm with loader org.apache.velocity.runtime.resource.loader.FileResourceLoader
2018-05-15 00:11:35,647 - ResourceManager : found om/java/allcommon/ImplementedSqlClauseCreator.vm with loader org.apache.velocity.runtime.resource.loader.FileResourceLoader
2018-05-15 00:11:35,673 - ResourceManager : found om/java/allcommon/container/spring/SpringDBFluteBeans.vm with loader org.apache.velocity.runtime.resource.loader.FileResourceLoader
2018-05-15 00:11:35,942 - Null reference [template 'om/ControlGenerateJava.vm', line 293, column 38] : ${glPackageExtendedDao} cannot be resolved.
2018-05-15 00:11:35,942 - Null reference [template 'om/ControlGenerateJava.vm', line 296, column 34] : ${glPackageBaseDao} cannot be resolved.
2018-05-15 00:11:35,980 - ResourceManager : found om/java/bsbhv/BaseBhv.vm with loader org.apache.velocity.runtime.resource.loader.FileResourceLoader
2018-05-15 00:11:36,023 - ResourceManager : found om/java/bsbhv/ReferrerLoader.vm with loader org.apache.velocity.runtime.resource.loader.FileResourceLoader
2018-05-15 00:11:36,048 - ResourceManager : found om/java/bsentity/BaseEntity.vm with loader org.apache.velocity.runtime.resource.loader.FileResourceLoader
2018-05-15 00:11:36,098 - ResourceManager : found om/java/bsentity/dbmeta/DBMetaImpl.vm with loader org.apache.velocity.runtime.resource.loader.FileResourceLoader
2018-05-15 00:11:36,457 - ResourceManager : found om/java/cbean/BsConditionBean.vm with loader org.apache.velocity.runtime.resource.loader.FileResourceLoader
2018-05-15 00:11:36,515 - ResourceManager : found om/java/cbean/AbstractBsConditionQuery.vm with loader org.apache.velocity.runtime.resource.loader.FileResourceLoader
2018-05-15 00:11:36,520 - RHS of #set statement is null. Context will not be modified. om/java/cbean/AbstractBsConditionQuery.vm[line 70, column 1]
2018-05-15 00:11:36,530 - RHS of #set statement is null. Context will not be modified. om/java/cbean/AbstractBsConditionQuery.vm[line 70, column 1]
2018-05-15 00:11:36,536 - RHS of #set statement is null. Context will not be modified. om/java/cbean/AbstractBsConditionQuery.vm[line 70, column 1]
2018-05-15 00:11:36,540 - RHS of #set statement is null. Context will not be modified. om/java/cbean/AbstractBsConditionQuery.vm[line 70, column 1]
2018-05-15 00:11:36,546 - RHS of #set statement is null. Context will not be modified. om/java/cbean/AbstractBsConditionQuery.vm[line 70, column 1]
2018-05-15 00:11:36,550 - RHS of #set statement is null. Context will not be modified. om/java/cbean/AbstractBsConditionQuery.vm[line 70, column 1]
2018-05-15 00:11:36,554 - RHS of #set statement is null. Context will not be modified. om/java/cbean/AbstractBsConditionQuery.vm[line 70, column 1]
2018-05-15 00:11:36,557 - RHS of #set statement is null. Context will not be modified. om/java/cbean/AbstractBsConditionQuery.vm[line 70, column 1]
2018-05-15 00:11:36,562 - RHS of #set statement is null. Context will not be modified. om/java/cbean/AbstractBsConditionQuery.vm[line 70, column 1]
2018-05-15 00:11:36,565 - RHS of #set statement is null. Context will not be modified. om/java/cbean/AbstractBsConditionQuery.vm[line 70, column 1]
2018-05-15 00:11:36,567 - RHS of #set statement is null. Context will not be modified. om/java/cbean/AbstractBsConditionQuery.vm[line 70, column 1]
2018-05-15 00:11:36,568 - RHS of #set statement is null. Context will not be modified. om/java/cbean/AbstractBsConditionQuery.vm[line 70, column 1]
2018-05-15 00:11:36,571 - RHS of #set statement is null. Context will not be modified. om/java/cbean/AbstractBsConditionQuery.vm[line 70, column 1]
2018-05-15 00:11:36,573 - RHS of #set statement is null. Context will not be modified. om/java/cbean/AbstractBsConditionQuery.vm[line 70, column 1]
2018-05-15 00:11:36,577 - RHS of #set statement is null. Context will not be modified. om/java/cbean/AbstractBsConditionQuery.vm[line 70, column 1]
2018-05-15 00:11:36,593 - ResourceManager : found om/java/cbean/BsConditionInlineQuery.vm with loader org.apache.velocity.runtime.resource.loader.FileResourceLoader
2018-05-15 00:11:36,594 - RHS of #set statement is null. Context will not be modified. om/java/cbean/BsConditionInlineQuery.vm[line 84, column 1]
2018-05-15 00:11:36,596 - RHS of #set statement is null. Context will not be modified. om/java/cbean/BsConditionInlineQuery.vm[line 84, column 1]
2018-05-15 00:11:36,596 - RHS of #set statement is null. Context will not be modified. om/java/cbean/BsConditionInlineQuery.vm[line 84, column 1]
2018-05-15 00:11:36,596 - RHS of #set statement is null. Context will not be modified. om/java/cbean/BsConditionInlineQuery.vm[line 84, column 1]
2018-05-15 00:11:36,596 - RHS of #set statement is null. Context will not be modified. om/java/cbean/BsConditionInlineQuery.vm[line 84, column 1]
2018-05-15 00:11:36,596 - RHS of #set statement is null. Context will not be modified. om/java/cbean/BsConditionInlineQuery.vm[line 84, column 1]
2018-05-15 00:11:36,596 - RHS of #set statement is null. Context will not be modified. om/java/cbean/BsConditionInlineQuery.vm[line 84, column 1]
2018-05-15 00:11:36,597 - RHS of #set statement is null. Context will not be modified. om/java/cbean/BsConditionInlineQuery.vm[line 84, column 1]
2018-05-15 00:11:36,597 - RHS of #set statement is null. Context will not be modified. om/java/cbean/BsConditionInlineQuery.vm[line 84, column 1]
2018-05-15 00:11:36,597 - RHS of #set statement is null. Context will not be modified. om/java/cbean/BsConditionInlineQuery.vm[line 84, column 1]
2018-05-15 00:11:36,597 - RHS of #set statement is null. Context will not be modified. om/java/cbean/BsConditionInlineQuery.vm[line 84, column 1]
2018-05-15 00:11:36,597 - RHS of #set statement is null. Context will not be modified. om/java/cbean/BsConditionInlineQuery.vm[line 84, column 1]
2018-05-15 00:11:36,597 - RHS of #set statement is null. Context will not be modified. om/java/cbean/BsConditionInlineQuery.vm[line 84, column 1]
2018-05-15 00:11:36,597 - RHS of #set statement is null. Context will not be modified. om/java/cbean/BsConditionInlineQuery.vm[line 84, column 1]
2018-05-15 00:11:36,597 - RHS of #set statement is null. Context will not be modified. om/java/cbean/BsConditionInlineQuery.vm[line 84, column 1]
2018-05-15 00:11:36,616 - ResourceManager : found om/java/cbean/BsConditionQuery.vm with loader org.apache.velocity.runtime.resource.loader.FileResourceLoader
2018-05-15 00:11:36,618 - RHS of #set statement is null. Context will not be modified. om/java/cbean/BsConditionQuery.vm[line 104, column 1]
2018-05-15 00:11:36,619 - RHS of #set statement is null. Context will not be modified. om/java/cbean/BsConditionQuery.vm[line 104, column 1]
2018-05-15 00:11:36,619 - RHS of #set statement is null. Context will not be modified. om/java/cbean/BsConditionQuery.vm[line 104, column 1]
2018-05-15 00:11:36,619 - RHS of #set statement is null. Context will not be modified. om/java/cbean/BsConditionQuery.vm[line 104, column 1]
2018-05-15 00:11:36,620 - RHS of #set statement is null. Context will not be modified. om/java/cbean/BsConditionQuery.vm[line 104, column 1]
2018-05-15 00:11:36,620 - RHS of #set statement is null. Context will not be modified. om/java/cbean/BsConditionQuery.vm[line 104, column 1]
2018-05-15 00:11:36,620 - RHS of #set statement is null. Context will not be modified. om/java/cbean/BsConditionQuery.vm[line 104, column 1]
2018-05-15 00:11:36,620 - RHS of #set statement is null. Context will not be modified. om/java/cbean/BsConditionQuery.vm[line 104, column 1]
2018-05-15 00:11:36,621 - RHS of #set statement is null. Context will not be modified. om/java/cbean/BsConditionQuery.vm[line 104, column 1]
2018-05-15 00:11:36,621 - RHS of #set statement is null. Context will not be modified. om/java/cbean/BsConditionQuery.vm[line 104, column 1]
2018-05-15 00:11:36,621 - RHS of #set statement is null. Context will not be modified. om/java/cbean/BsConditionQuery.vm[line 104, column 1]
2018-05-15 00:11:36,621 - RHS of #set statement is null. Context will not be modified. om/java/cbean/BsConditionQuery.vm[line 104, column 1]
2018-05-15 00:11:36,622 - RHS of #set statement is null. Context will not be modified. om/java/cbean/BsConditionQuery.vm[line 104, column 1]
2018-05-15 00:11:36,622 - RHS of #set statement is null. Context will not be modified. om/java/cbean/BsConditionQuery.vm[line 104, column 1]
2018-05-15 00:11:36,622 - RHS of #set statement is null. Context will not be modified. om/java/cbean/BsConditionQuery.vm[line 104, column 1]
2018-05-15 00:11:41,503 - 
2018-05-15 00:11:41,503 - DfFlutistLog4JLogSystem initialized using logfile './log/velocity.log'
2018-05-15 00:11:41,503 - Initializing Velocity, Calling init()...
2018-05-15 00:11:41,503 - *******************************************************************
2018-05-15 00:11:41,503 - Starting Apache Velocity v1.7 (compiled: 2010-11-19 12:14:37)
2018-05-15 00:11:41,503 - RuntimeInstance initializing.
2018-05-15 00:11:41,503 - Default Properties File: org\apache\velocity\runtime\defaults\velocity.properties
2018-05-15 00:11:41,503 - Trying to use logger class org.dbflute.friends.velocity.DfFlutistLog4JLogSystem
2018-05-15 00:11:41,503 - Using logger class org.dbflute.friends.velocity.DfFlutistLog4JLogSystem
2018-05-15 00:11:41,507 - Default ResourceManager initializing. (class org.apache.velocity.runtime.resource.ResourceManagerImpl)
2018-05-15 00:11:41,516 - ResourceLoader instantiated: org.apache.velocity.runtime.resource.loader.FileResourceLoader
2018-05-15 00:11:41,519 - FileResourceLoader : initialization starting.
2018-05-15 00:11:41,519 - Do unicode file recognition:  false
2018-05-15 00:11:41,519 - FileResourceLoader : adding path 'C:\pleiades\workspace\Kerberos\mydbflute\dbflute-1.1.6\templates'
2018-05-15 00:11:41,519 - FileResourceLoader : initialization complete.
2018-05-15 00:11:41,534 - ResourceCache: initialized (class org.apache.velocity.runtime.resource.ResourceCacheImpl) with class java.util.Collections$SynchronizedMap cache map.
2018-05-15 00:11:41,534 - Default ResourceManager initialization complete.
2018-05-15 00:11:41,537 - Loaded System Directive: org.apache.velocity.runtime.directive.Stop
2018-05-15 00:11:41,540 - Loaded System Directive: org.apache.velocity.runtime.directive.Define
2018-05-15 00:11:41,542 - Loaded System Directive: org.apache.velocity.runtime.directive.Break
2018-05-15 00:11:41,543 - Loaded System Directive: org.apache.velocity.runtime.directive.Evaluate
2018-05-15 00:11:41,545 - Loaded System Directive: org.apache.velocity.runtime.directive.Literal
2018-05-15 00:11:41,548 - Loaded System Directive: org.apache.velocity.runtime.directive.Macro
2018-05-15 00:11:41,551 - Loaded System Directive: org.apache.velocity.runtime.directive.Parse
2018-05-15 00:11:41,554 - Loaded System Directive: org.apache.velocity.runtime.directive.Include
2018-05-15 00:11:41,556 - Loaded System Directive: org.apache.velocity.runtime.directive.Foreach
2018-05-15 00:11:41,621 - Created '20' parsers.
2018-05-15 00:11:41,649 - Velocimacro : initialization starting.
2018-05-15 00:11:41,649 - Velocimacro : "velocimacro.library" is not set.  Trying default library: VM_global_library.vm
2018-05-15 00:11:41,649 - Velocimacro : Default library not found.
2018-05-15 00:11:41,649 - Velocimacro : allowInline = true : VMs can be defined inline in templates
2018-05-15 00:11:41,649 - Velocimacro : allowInlineToOverride = false : VMs defined inline may NOT replace previous VM definitions
2018-05-15 00:11:41,650 - Velocimacro : allowInlineLocal = false : VMs defined inline will be global in scope if allowed.
2018-05-15 00:11:41,650 - Velocimacro : autoload off : VM system will not automatically reload global library macros
2018-05-15 00:11:41,650 - Velocimacro : Velocimacro : initialization complete.
2018-05-15 00:11:41,650 - RuntimeInstance successfully initialized.
2018-05-15 00:11:41,773 - ResourceManager : found om/ControlSql2EntityJava.vm with loader org.apache.velocity.runtime.resource.loader.FileResourceLoader
